<?xml version="1.0" encoding="UTF-8"?>
<!-- Generated by org.testng.reporters.JUnitReportReporter -->
<testsuite skipped="0" hostname="ATMECSINDT-046" name="com.atmecs.Assessment3archetype_archetype.assessmenttask.testscripts.Testscript" tests="1" failures="0" timestamp="25 Nov 2019 09:52:05 GMT" time="13.551" errors="0">
  <testcase name="bookingAutomation" time="13.551" classname="com.atmecs.Assessment3archetype_archetype.assessmenttask.testscripts.Testscript"/>
</testsuite> <!-- com.atmecs.Assessment3archetype_archetype.assessmenttask.testscripts.Testscript -->
