<?xml version="1.0" encoding="UTF-8"?>
<!-- Generated by org.testng.reporters.JUnitReportReporter -->
<testsuite skipped="0" hostname="ATMECSINDT-046" name="com.atmecs.assessment.testscripts.PolicyEffectiveDateCalculator" tests="1" failures="0" timestamp="28 Nov 2019 08:31:14 GMT" time="0.358" errors="0">
  <testcase name="policyDateEvaluator" time="0.358" classname="com.atmecs.assessment.testscripts.PolicyEffectiveDateCalculator"/>
</testsuite> <!-- com.atmecs.assessment.testscripts.PolicyEffectiveDateCalculator -->
